2020-08-16 10:20:20.456 ------------------------------------------------------
2020-08-16 10:20:20.456 SoftEther VPN Client Version 4.32 Build 9731   (Simplified_Chinese)
2020-08-16 10:20:20.456 Compiled 2020/01/01 18:16:55 by buildsan at crosswin
2020-08-16 10:20:20.456 已启动 SoftEther VPN Client 引擎。
2020-08-16 10:20:20.632 加载配置文件。
2020-08-16 10:20:20.634 配置文件不存在。请应用初始设置。
2020-08-16 10:20:20.634 正在监控目录 "E:\SoftEther VPN Client"。如果可用磁盘空间变得小于 8.00 GBytes，此目录和其子目录下的日志文件和配置文件的备份文件将按照从旧到新的顺序被自动删除。决定何时开始删除的可用磁盘空间大小，可以在配置文件的“AutoDeletCheckDiskFreeSpaceMin”项目中修改。
2020-08-16 10:20:44.022 已删除虚拟网络适配器 "VPN2"。
2020-08-16 10:22:53.139 已建立新 VPN 连接设置 "R-VPN 连接"。
2020-08-16 10:22:55.973 已开始 VPN 连接设置 "R-VPN 连接" 的连接处理。
2020-08-16 10:22:55.974 VPN 连接设置 "R-VPN 连接": 第 1 次连接操作开始。
2020-08-16 10:22:57.591 VPN 连接设置 "R-VPN 连接": 连接断开或连接失败。原因: 用户身份验证失败。 (代码 9)
2020-08-16 10:22:59.898 VPN 连接设置 "R-VPN 连接": 第 2 次连接操作开始。
2020-08-16 10:23:02.993 VPN 连接设置 "R-VPN 连接": 连接断开或连接失败。原因: 用户身份验证失败。 (代码 9)
2020-08-16 10:23:04.747 VPN 连接设置 "R-VPN 连接": 第 3 次连接操作开始。
2020-08-16 10:23:06.569 VPN 连接设置 "R-VPN 连接": 连接断开或连接失败。原因: 用户身份验证失败。 (代码 9)
2020-08-16 10:23:14.969 VPN 连接设置 "R-VPN 连接": 第 4 次连接操作开始。
2020-08-16 10:23:16.747 VPN 连接设置 "R-VPN 连接": 连接断开或连接失败。原因: 用户身份验证失败。 (代码 9)
2020-08-16 10:23:25.723 VPN 连接设置 "R-VPN 连接": 第 5 次连接操作开始。
2020-08-16 10:23:28.941 VPN 连接设置 "R-VPN 连接": 连接断开或连接失败。原因: 用户身份验证失败。 (代码 9)
2020-08-16 10:23:34.046 VPN 连接设置 "R-VPN 连接": 第 6 次连接操作开始。
2020-08-16 10:23:35.817 VPN 连接设置 "R-VPN 连接": 连接断开或连接失败。原因: 用户身份验证失败。 (代码 9)
2020-08-16 10:23:42.225 VPN 连接设置 "R-VPN 连接": 第 7 次连接操作开始。
2020-08-16 10:23:44.283 VPN 连接设置 "R-VPN 连接": 连接断开或连接失败。原因: 用户身份验证失败。 (代码 9)
2020-08-16 10:23:51.659 VPN 连接设置 "R-VPN 连接": 第 8 次连接操作开始。
2020-08-16 10:23:53.942 VPN 连接设置 "R-VPN 连接": 连接断开或连接失败。原因: 用户身份验证失败。 (代码 9)
2020-08-16 10:23:58.175 VPN 连接设置 "R-VPN 连接": 第 9 次连接操作开始。
2020-08-16 10:23:59.942 VPN 连接设置 "R-VPN 连接": 连接断开或连接失败。原因: 用户身份验证失败。 (代码 9)
2020-08-16 10:24:01.090 VPN 连接设置 "R-VPN 连接": 第 10 次连接操作开始。
2020-08-16 10:24:02.599 VPN 连接设置 "R-VPN 连接": 连接断开或连接失败。原因: 命令被用户取消。 (代码 6)
2020-08-16 10:29:48.436 已开始 VPN 连接设置 "R-VPN 连接" 的连接处理。
2020-08-16 10:29:48.436 VPN 连接设置 "R-VPN 连接": 第 1 次连接操作开始。
2020-08-16 10:29:50.064 VPN 连接设置 "R-VPN 连接": 连接断开或连接失败。原因: 用户身份验证失败。 (代码 9)
2020-08-16 10:30:03.237 VPN 连接设置 "R-VPN 连接": 第 2 次连接操作开始。
2020-08-16 10:30:04.552 VPN 连接设置 "R-VPN 连接": 连接断开或连接失败。原因: 用户身份验证失败。 (代码 9)
2020-08-16 10:30:09.964 VPN 连接设置 "R-VPN 连接": 第 3 次连接操作开始。
2020-08-16 10:30:11.601 VPN 连接设置 "R-VPN 连接": 连接断开或连接失败。原因: 用户身份验证失败。 (代码 9)
2020-08-16 10:30:13.306 VPN 连接设置 "R-VPN 连接": 第 4 次连接操作开始。
2020-08-16 10:30:14.502 VPN 连接设置 "R-VPN 连接": 连接断开或连接失败。原因: 用户身份验证失败。 (代码 9)
2020-08-16 10:30:17.451 VPN 连接设置 "R-VPN 连接": 第 5 次连接操作开始。
2020-08-16 10:30:18.613 VPN 连接设置 "R-VPN 连接": 连接断开或连接失败。原因: 用户身份验证失败。 (代码 9)
2020-08-16 10:56:07.472 已开始 VPN 连接设置 "R-VPN 连接" 的连接处理。
2020-08-16 10:56:07.472 VPN 连接设置 "R-VPN 连接": 第 1 次连接操作开始。
2020-08-16 10:56:09.250 VPN 连接设置 "R-VPN 连接": 连接断开或连接失败。原因: 用户身份验证失败。 (代码 9)
2020-08-16 10:56:10.424 VPN 连接设置 "R-VPN 连接": 第 2 次连接操作开始。
2020-08-16 10:56:12.517 VPN 连接设置 "R-VPN 连接": 连接断开或连接失败。原因: 用户身份验证失败。 (代码 9)
2020-08-16 10:56:13.658 VPN 连接设置 "R-VPN 连接": 第 3 次连接操作开始。
2020-08-16 10:56:14.967 VPN 连接设置 "R-VPN 连接": 连接断开或连接失败。原因: 用户身份验证失败。 (代码 9)
2020-08-16 11:00:03.369 已开始 VPN 连接设置 "R-VPN 连接" 的连接处理。
2020-08-16 11:00:03.369 VPN 连接设置 "R-VPN 连接": 第 1 次连接操作开始。
2020-08-16 11:00:04.618 VPN 连接设置 "R-VPN 连接": 连接断开或连接失败。原因: 用户身份验证失败。 (代码 9)
2020-08-16 11:00:06.113 VPN 连接设置 "R-VPN 连接": 第 2 次连接操作开始。
2020-08-16 11:00:06.903 VPN 连接设置 "R-VPN 连接": 连接断开或连接失败。原因: 命令被用户取消。 (代码 6)
2020-08-16 13:31:09.752 已开始 VPN 连接设置 "R-VPN 连接" 的连接处理。
2020-08-16 13:31:09.752 VPN 连接设置 "R-VPN 连接": 第 1 次连接操作开始。
2020-08-16 13:31:11.540 VPN 连接设置 "R-VPN 连接": 连接断开或连接失败。原因: 用户身份验证失败。 (代码 9)
2020-08-16 13:31:13.252 VPN 连接设置 "R-VPN 连接": 第 2 次连接操作开始。
2020-08-16 13:31:16.239 VPN 连接设置 "R-VPN 连接": 连接断开或连接失败。原因: 用户身份验证失败。 (代码 9)
2020-08-16 13:31:21.078 VPN 连接设置 "R-VPN 连接": 第 3 次连接操作开始。
2020-08-16 13:31:23.145 VPN 连接设置 "R-VPN 连接": 连接断开或连接失败。原因: 用户身份验证失败。 (代码 9)
2020-08-16 13:35:58.027 已建立新 VPN 连接设置 "RocketVPN.UA"。
2020-08-16 13:36:31.687 已开始 VPN 连接设置 "RocketVPN.UA" 的连接处理。
2020-08-16 13:36:31.687 VPN 连接设置 "RocketVPN.UA": 第 1 次连接操作开始。
2020-08-16 13:36:34.583 VPN 连接设置 "RocketVPN.UA": 连接断开或连接失败。原因: 用户身份验证失败。 (代码 9)
2020-08-16 13:36:44.597 VPN 连接设置 "RocketVPN.UA": 第 2 次连接操作开始。
2020-08-16 13:36:50.212 VPN 连接设置 "RocketVPN.UA": 连接断开或连接失败。原因: 用户身份验证失败。 (代码 9)
2020-08-16 13:36:55.178 已开始 VPN 连接设置 "R-VPN 连接" 的连接处理。
2020-08-16 13:36:55.178 VPN 连接设置 "R-VPN 连接": 第 1 次连接操作开始。
2020-08-16 13:36:56.534 VPN 连接设置 "R-VPN 连接": 连接断开或连接失败。原因: 用户身份验证失败。 (代码 9)
2020-08-16 13:42:15.156 已开始 VPN 连接设置 "R-VPN 连接" 的连接处理。
2020-08-16 13:42:15.156 VPN 连接设置 "R-VPN 连接": 第 1 次连接操作开始。
2020-08-16 13:42:18.623 VPN 连接设置 "R-VPN 连接": 连接断开或连接失败。原因: 用户身份验证失败。 (代码 9)
2020-08-16 13:42:19.975 VPN 连接设置 "R-VPN 连接": 第 2 次连接操作开始。
2020-08-16 13:42:25.642 VPN 连接设置 "R-VPN 连接": 连接断开或连接失败。原因: 用户身份验证失败。 (代码 9)
2020-08-16 13:45:26.901 已创建虚拟网络适配器 "VPN2"。
2020-08-16 16:12:42.202 已开始 VPN 连接设置 "R-VPN 连接" 的连接处理。
2020-08-16 16:12:42.202 VPN 连接设置 "R-VPN 连接": 第 1 次连接操作开始。
2020-08-16 16:12:43.937 VPN 连接设置 "R-VPN 连接": 连接断开或连接失败。原因: 用户身份验证失败。 (代码 9)
2020-08-16 16:12:45.621 VPN 连接设置 "R-VPN 连接": 第 2 次连接操作开始。
2020-08-16 16:12:47.992 VPN 连接设置 "R-VPN 连接": 连接断开或连接失败。原因: 用户身份验证失败。 (代码 9)
2020-08-16 16:12:55.826 VPN 连接设置 "R-VPN 连接": 第 3 次连接操作开始。
2020-08-16 16:12:58.289 VPN 连接设置 "R-VPN 连接": 连接断开或连接失败。原因: 用户身份验证失败。 (代码 9)
2020-08-16 16:14:05.051 已开始 VPN 连接设置 "R-VPN 连接" 的连接处理。
2020-08-16 16:14:05.051 VPN 连接设置 "R-VPN 连接": 第 1 次连接操作开始。
2020-08-16 16:14:06.834 VPN 连接设置 "R-VPN 连接": 连接断开或连接失败。原因: 用户身份验证失败。 (代码 9)
2020-08-16 16:14:08.198 VPN 连接设置 "R-VPN 连接": 第 2 次连接操作开始。
2020-08-16 16:14:09.646 VPN 连接设置 "R-VPN 连接": 连接断开或连接失败。原因: 用户身份验证失败。 (代码 9)
2020-08-16 16:14:11.605 VPN 连接设置 "R-VPN 连接": 第 3 次连接操作开始。
2020-08-16 16:14:15.704 VPN 连接设置 "R-VPN 连接": 连接断开或连接失败。原因: 用户身份验证失败。 (代码 9)
2020-08-16 16:14:23.004 VPN 连接设置 "R-VPN 连接": 第 4 次连接操作开始。
2020-08-16 16:14:27.691 VPN 连接设置 "R-VPN 连接": 连接断开或连接失败。原因: 命令被用户取消。 (代码 6)
2020-08-16 17:52:42.566 ------------------------------------------------------
2020-08-16 17:52:42.566 SoftEther VPN Client Version 4.32 Build 9731   (Simplified_Chinese)
2020-08-16 17:52:42.566 Compiled 2020/01/01 18:16:55 by buildsan at crosswin
2020-08-16 17:52:42.566 已启动 SoftEther VPN Client 引擎。
2020-08-16 17:52:42.702 加载配置文件。
2020-08-16 17:52:42.702 正在监控目录 "E:\SoftEther VPN Client"。如果可用磁盘空间变得小于 8.00 GBytes，此目录和其子目录下的日志文件和配置文件的备份文件将按照从旧到新的顺序被自动删除。决定何时开始删除的可用磁盘空间大小，可以在配置文件的“AutoDeletCheckDiskFreeSpaceMin”项目中修改。
2020-08-16 17:52:42.702 配置文件已已加载。
2020-08-16 20:05:31.114 已开始 VPN 连接设置 "R-VPN 连接" 的连接处理。
2020-08-16 20:05:31.114 VPN 连接设置 "R-VPN 连接": 第 1 次连接操作开始。
2020-08-16 20:05:32.933 VPN 连接设置 "R-VPN 连接": 连接断开或连接失败。原因: 用户身份验证失败。 (代码 9)
2020-08-16 20:05:34.733 VPN 连接设置 "R-VPN 连接": 第 2 次连接操作开始。
2020-08-16 20:05:39.657 VPN 连接设置 "R-VPN 连接": 连接断开或连接失败。原因: 用户身份验证失败。 (代码 9)
2020-08-16 20:05:42.492 VPN 连接设置 "R-VPN 连接": 第 3 次连接操作开始。
2020-08-16 20:05:43.588 VPN 连接设置 "R-VPN 连接": 连接断开或连接失败。原因: 用户身份验证失败。 (代码 9)
2020-08-16 20:05:58.748 VPN 连接设置 "R-VPN 连接": 第 4 次连接操作开始。
2020-08-16 20:06:00.575 VPN 连接设置 "R-VPN 连接": 连接断开或连接失败。原因: 命令被用户取消。 (代码 6)
2020-08-16 20:16:01.146 已开始 VPN 连接设置 "R-VPN 连接" 的连接处理。
2020-08-16 20:16:01.146 VPN 连接设置 "R-VPN 连接": 第 1 次连接操作开始。
2020-08-16 20:16:05.051 VPN 连接设置 "R-VPN 连接": 连接断开或连接失败。原因: 用户身份验证失败。 (代码 9)
2020-08-16 20:16:09.894 VPN 连接设置 "R-VPN 连接": 第 2 次连接操作开始。
2020-08-16 20:16:11.994 VPN 连接设置 "R-VPN 连接": 连接断开或连接失败。原因: 用户身份验证失败。 (代码 9)
2020-08-16 20:16:14.609 VPN 连接设置 "R-VPN 连接": 第 3 次连接操作开始。
2020-08-16 20:16:15.936 VPN 连接设置 "R-VPN 连接": 连接断开或连接失败。原因: 命令被用户取消。 (代码 6)
2020-08-16 20:57:40.354 已开始 VPN 连接设置 "R-VPN 连接" 的连接处理。
2020-08-16 20:57:40.354 VPN 连接设置 "R-VPN 连接": 第 1 次连接操作开始。
2020-08-16 20:57:42.827 VPN 连接设置 "R-VPN 连接": 连接断开或连接失败。原因: 用户身份验证失败。 (代码 9)
2020-08-16 20:57:44.199 VPN 连接设置 "R-VPN 连接": 第 2 次连接操作开始。
2020-08-16 20:57:45.376 VPN 连接设置 "R-VPN 连接": 连接断开或连接失败。原因: 用户身份验证失败。 (代码 9)
2020-08-16 20:58:16.083 VPN 连接设置 "R-VPN 连接": 第 3 次连接操作开始。
2020-08-16 20:58:19.293 VPN 连接设置 "R-VPN 连接": 连接断开或连接失败。原因: 命令被用户取消。 (代码 6)
2020-08-16 21:04:08.922 已删除 VPN 连接设置 "R-VPN 连接"。
2020-08-16 21:04:12.484 已删除 VPN 连接设置 "RocketVPN.UA"。
2020-08-16 21:05:05.350 已建立新 VPN 连接设置 "RocketVPN.LONDON"。
2020-08-16 21:05:10.688 已建立新 VPN 连接设置 "RocketVPN.LONDON2"。
2020-08-16 21:08:28.109 已删除 VPN 连接设置 "RocketVPN.LONDON2"。
2020-08-16 21:10:06.809 已建立新 VPN 连接设置 "rvpn_452680"。
2020-08-16 21:10:14.570 已开始 VPN 连接设置 "rvpn_452680" 的连接处理。
2020-08-16 21:10:14.570 VPN 连接设置 "rvpn_452680": 第 1 次连接操作开始。
2020-08-16 21:10:21.820 VPN 连接设置 "rvpn_452680": 连接断开或连接失败。原因: 指定的虚拟 HUB 在该服务器上不存在。 (代码 8)
2020-08-16 21:10:30.020 VPN 连接设置 "rvpn_452680": 第 2 次连接操作开始。
2020-08-16 21:10:32.349 VPN 连接设置 "rvpn_452680": 连接断开或连接失败。原因: 命令被用户取消。 (代码 6)
2020-08-16 21:10:49.154 已开始 VPN 连接设置 "rvpn_452680" 的连接处理。
2020-08-16 21:10:49.154 VPN 连接设置 "rvpn_452680": 第 1 次连接操作开始。
2020-08-16 21:11:01.044 VPN 连接设置 "rvpn_452680": 连接断开或连接失败。原因: 用户身份验证失败。 (代码 9)
2020-08-16 21:11:03.110 VPN 连接设置 "rvpn_452680": 第 2 次连接操作开始。
2020-08-16 21:11:16.964 VPN 连接设置 "rvpn_452680": 连接断开或连接失败。原因: 用户身份验证失败。 (代码 9)
2020-08-16 22:16:06.146 ------------------------------------------------------
2020-08-16 22:16:06.146 SoftEther VPN Client Version 4.32 Build 9731   (Simplified_Chinese)
2020-08-16 22:16:06.146 Compiled 2020/01/01 18:16:55 by buildsan at crosswin
2020-08-16 22:16:06.146 已启动 SoftEther VPN Client 引擎。
2020-08-16 22:16:06.305 加载配置文件。
2020-08-16 22:16:06.306 配置文件已已加载。
2020-08-16 22:16:06.306 正在监控目录 "E:\SoftEther VPN Client"。如果可用磁盘空间变得小于 8.00 GBytes，此目录和其子目录下的日志文件和配置文件的备份文件将按照从旧到新的顺序被自动删除。决定何时开始删除的可用磁盘空间大小，可以在配置文件的“AutoDeletCheckDiskFreeSpaceMin”项目中修改。
